<?xml version="1.0" encoding="UTF-8"?>
<!-- Generated by org.testng.reporters.JUnitReportReporter -->
<testsuite hostname="dell-PC" name="com.actitime.customers_scripts.CreateCustomer" tests="1" failures="0" timestamp="17 Feb 2020 04:57:31 GMT" time="2.956" errors="0">
  <testcase name="testCreateCustomer" time="2.956" classname="com.actitime.customers_scripts.CreateCustomer"/>
</testsuite> <!-- com.actitime.customers_scripts.CreateCustomer -->
