<?xml version="1.0" encoding="UTF-8"?>
<!-- Generated by org.testng.reporters.JUnitReportReporter -->
<testsuite hostname="dell-PC" name="com.actitime.tasks_scripts.CreateTask" tests="1" failures="0" timestamp="17 Feb 2020 03:43:03 GMT" time="2.848" errors="0">
  <testcase name="testCreateTask" time="2.848" classname="com.actitime.tasks_scripts.CreateTask"/>
</testsuite> <!-- com.actitime.tasks_scripts.CreateTask -->
