<?xml version="1.0" encoding="UTF-8"?>
<!-- Generated by org.testng.reporters.JUnitReportReporter -->
<testsuite hostname="dell-PC" name="com.actitime.projects_scripts.CreateProject" tests="1" failures="0" timestamp="17 Feb 2020 05:02:54 GMT" time="3.352" errors="0">
  <testcase name="testCreateProject" time="3.352" classname="com.actitime.projects_scripts.CreateProject"/>
</testsuite> <!-- com.actitime.projects_scripts.CreateProject -->
