<?xml version="1.0" encoding="UTF-8"?>
<!-- Generated by org.testng.reporters.JUnitReportReporter -->
<testsuite skipped="0" hostname="dell-PC" name="com.actitime.projects_scripts.CreateProject" tests="1" failures="0" timestamp="2020-02-17T11:57:35 IST" time="5.248" errors="0">
  <testcase name="testCreateProject" time="5.248" classname="com.actitime.projects_scripts.CreateProject"/>
  <system-out/>
</testsuite> <!-- com.actitime.projects_scripts.CreateProject -->
